2021-10-17 14:32:53.064  INFO 9600 --- [main] SpringBootCoreDataJpaMvcRest1Application : Starting TimesheetSpringBootCoreDataJpaMvcRest1Application on DESKTOP-1MV8RQN with PID 9600 (C:\Users\ASUS\eclipse-workspace-2020\Timesheet-spring-boot-core-data-jpa-mvc-REST-1\target\classes started by ASUS in C:\Users\ASUS\eclipse-workspace-2020\Timesheet-spring-boot-core-data-jpa-mvc-REST-1)
2021-10-17 14:32:53.072  INFO 9600 --- [main] SpringBootCoreDataJpaMvcRest1Application : No active profile set, falling back to default profiles: default
2021-10-17 14:32:54.044  INFO 9600 --- [main] .s.d.r.c.RepositoryConfigurationDelegate : Bootstrapping Spring Data repositories in DEFAULT mode.
2021-10-17 14:32:54.120  INFO 9600 --- [main] .s.d.r.c.RepositoryConfigurationDelegate : Finished Spring Data repository scanning in 68ms. Found 6 repository interfaces.
2021-10-17 14:32:54.347  INFO 9600 --- [main] trationDelegate$BeanPostProcessorChecker : Bean 'org.springframework.transaction.annotation.ProxyTransactionManagementConfiguration' of type [org.springframework.transaction.annotation.ProxyTransactionManagementConfiguration$$EnhancerBySpringCGLIB$$193397b1] is not eligible for getting processed by all BeanPostProcessors (for example: not eligible for auto-proxying)
2021-10-17 14:32:54.970  INFO 9600 --- [main] o.s.b.w.embedded.tomcat.TomcatWebServer  : Tomcat initialized with port(s): 8080 (http)
2021-10-17 14:32:55.016  INFO 9600 --- [main] o.apache.catalina.core.StandardService   : Starting service [Tomcat]
2021-10-17 14:32:55.017  INFO 9600 --- [main] org.apache.catalina.core.StandardEngine  : Starting Servlet engine: [Apache Tomcat/9.0.17]
2021-10-17 14:32:55.111  INFO 9600 --- [main] o.a.c.c.C.[.[localhost].[/SpringMVC]     : Initializing Spring embedded WebApplicationContext
2021-10-17 14:32:55.112  INFO 9600 --- [main] o.s.web.context.ContextLoader            : Root WebApplicationContext: initialization completed in 1950 ms
2021-10-17 14:32:55.218  INFO 9600 --- [main] com.zaxxer.hikari.HikariDataSource       : HikariPool-1 - Starting...
2021-10-17 14:32:55.340  INFO 9600 --- [main] com.zaxxer.hikari.HikariDataSource       : HikariPool-1 - Start completed.
2021-10-17 14:32:55.387  INFO 9600 --- [main] o.hibernate.jpa.internal.util.LogHelper  : HHH000204: Processing PersistenceUnitInfo [
	name: default
	...]
2021-10-17 14:32:55.427  INFO 9600 --- [main] org.hibernate.Version                    : HHH000412: Hibernate Core {5.3.9.Final}
2021-10-17 14:32:55.428  INFO 9600 --- [main] org.hibernate.cfg.Environment            : HHH000206: hibernate.properties not found
2021-10-17 14:32:55.534  INFO 9600 --- [main] o.hibernate.annotations.common.Version   : HCANN000001: Hibernate Commons Annotations {5.0.4.Final}
2021-10-17 14:32:55.624  INFO 9600 --- [main] org.hibernate.dialect.Dialect            : HHH000400: Using dialect: org.hibernate.dialect.MySQL5Dialect
2021-10-17 14:32:57.107  INFO 9600 --- [main] j.LocalContainerEntityManagerFactoryBean : Initialized JPA EntityManagerFactory for persistence unit 'default'
2021-10-17 14:32:57.357  INFO 9600 --- [main] o.h.h.i.QueryTranslatorFactoryInitiator  : HHH000397: Using ASTQueryTranslatorFactory
2021-10-17 14:32:57.779  INFO 9600 --- [main] o.s.s.concurrent.ThreadPoolTaskExecutor  : Initializing ExecutorService 'applicationTaskExecutor'
2021-10-17 14:32:57.806  WARN 9600 --- [main] aWebConfiguration$JpaWebMvcConfiguration : spring.jpa.open-in-view is enabled by default. Therefore, database queries may be performed during view rendering. Explicitly configure spring.jpa.open-in-view to disable this warning
2021-10-17 14:32:58.040  INFO 9600 --- [main] o.s.b.w.embedded.tomcat.TomcatWebServer  : Tomcat started on port(s): 8080 (http) with context path '/SpringMVC'
2021-10-17 14:32:58.044  INFO 9600 --- [main] SpringBootCoreDataJpaMvcRest1Application : Started TimesheetSpringBootCoreDataJpaMvcRest1Application in 5.293 seconds (JVM running for 7.414)
2021-10-17 14:33:52.303  INFO 9600 --- [http-nio-8080-exec-1] o.a.c.c.C.[.[localhost].[/SpringMVC]     : Initializing Spring DispatcherServlet 'dispatcherServlet'
2021-10-17 14:33:52.304  INFO 9600 --- [http-nio-8080-exec-1] o.s.web.servlet.DispatcherServlet        : Initializing Servlet 'dispatcherServlet'
2021-10-17 14:33:52.311  INFO 9600 --- [http-nio-8080-exec-1] o.s.web.servlet.DispatcherServlet        : Completed initialization in 6 ms
2021-10-17 14:38:36.330  INFO 9600 --- [RMI TCP Connection(9)-127.0.0.1] inMXBeanRegistrar$SpringApplicationAdmin : Application shutdown requested.
2021-10-17 14:38:36.333  INFO 9600 --- [RMI TCP Connection(9)-127.0.0.1] o.s.s.concurrent.ThreadPoolTaskExecutor  : Shutting down ExecutorService 'applicationTaskExecutor'
2021-10-17 14:38:36.334  INFO 9600 --- [RMI TCP Connection(9)-127.0.0.1] j.LocalContainerEntityManagerFactoryBean : Closing JPA EntityManagerFactory for persistence unit 'default'
2021-10-17 14:38:36.337  INFO 9600 --- [RMI TCP Connection(9)-127.0.0.1] com.zaxxer.hikari.HikariDataSource       : HikariPool-1 - Shutdown initiated...
2021-10-17 14:38:36.371  INFO 9600 --- [RMI TCP Connection(9)-127.0.0.1] com.zaxxer.hikari.HikariDataSource       : HikariPool-1 - Shutdown completed.
2021-10-17 16:41:28.612  INFO 2604 --- [main] SpringBootCoreDataJpaMvcRest1Application : Starting TimesheetSpringBootCoreDataJpaMvcRest1Application on DESKTOP-1MV8RQN with PID 2604 (C:\Users\ASUS\eclipse-workspace-2020\Timesheet-spring-boot-core-data-jpa-mvc-REST-1\target\classes started by ASUS in C:\Users\ASUS\eclipse-workspace-2020\Timesheet-spring-boot-core-data-jpa-mvc-REST-1)
2021-10-17 16:41:28.617  INFO 2604 --- [main] SpringBootCoreDataJpaMvcRest1Application : No active profile set, falling back to default profiles: default
2021-10-17 16:41:30.362  INFO 2604 --- [main] .s.d.r.c.RepositoryConfigurationDelegate : Bootstrapping Spring Data repositories in DEFAULT mode.
2021-10-17 16:41:30.606  INFO 2604 --- [main] .s.d.r.c.RepositoryConfigurationDelegate : Finished Spring Data repository scanning in 227ms. Found 6 repository interfaces.
2021-10-17 16:41:31.732  INFO 2604 --- [main] trationDelegate$BeanPostProcessorChecker : Bean 'org.springframework.transaction.annotation.ProxyTransactionManagementConfiguration' of type [org.springframework.transaction.annotation.ProxyTransactionManagementConfiguration$$EnhancerBySpringCGLIB$$fe2f1b27] is not eligible for getting processed by all BeanPostProcessors (for example: not eligible for auto-proxying)
2021-10-17 16:41:33.355  INFO 2604 --- [main] o.s.b.w.embedded.tomcat.TomcatWebServer  : Tomcat initialized with port(s): 8080 (http)
2021-10-17 16:41:33.499  INFO 2604 --- [main] o.apache.catalina.core.StandardService   : Starting service [Tomcat]
2021-10-17 16:41:33.501  INFO 2604 --- [main] org.apache.catalina.core.StandardEngine  : Starting Servlet engine: [Apache Tomcat/9.0.17]
2021-10-17 16:41:34.154  INFO 2604 --- [main] o.a.c.c.C.[.[localhost].[/SpringMVC]     : Initializing Spring embedded WebApplicationContext
2021-10-17 16:41:34.155  INFO 2604 --- [main] o.s.web.context.ContextLoader            : Root WebApplicationContext: initialization completed in 5481 ms
2021-10-17 16:41:34.633  INFO 2604 --- [main] com.zaxxer.hikari.HikariDataSource       : HikariPool-1 - Starting...
2021-10-17 16:41:34.896  INFO 2604 --- [main] com.zaxxer.hikari.HikariDataSource       : HikariPool-1 - Start completed.
2021-10-17 16:41:34.998  INFO 2604 --- [main] o.hibernate.jpa.internal.util.LogHelper  : HHH000204: Processing PersistenceUnitInfo [
	name: default
	...]
2021-10-17 16:41:35.116  INFO 2604 --- [main] org.hibernate.Version                    : HHH000412: Hibernate Core {5.3.9.Final}
2021-10-17 16:41:35.120  INFO 2604 --- [main] org.hibernate.cfg.Environment            : HHH000206: hibernate.properties not found
2021-10-17 16:41:35.312  INFO 2604 --- [main] o.hibernate.annotations.common.Version   : HCANN000001: Hibernate Commons Annotations {5.0.4.Final}
2021-10-17 16:41:35.798  INFO 2604 --- [main] org.hibernate.dialect.Dialect            : HHH000400: Using dialect: org.hibernate.dialect.MySQL5Dialect
2021-10-17 16:41:40.047  INFO 2604 --- [main] j.LocalContainerEntityManagerFactoryBean : Initialized JPA EntityManagerFactory for persistence unit 'default'
2021-10-17 16:41:40.860  INFO 2604 --- [main] o.h.h.i.QueryTranslatorFactoryInitiator  : HHH000397: Using ASTQueryTranslatorFactory
2021-10-17 16:41:42.040  INFO 2604 --- [main] o.s.s.concurrent.ThreadPoolTaskExecutor  : Initializing ExecutorService 'applicationTaskExecutor'
2021-10-17 16:41:42.076  WARN 2604 --- [main] aWebConfiguration$JpaWebMvcConfiguration : spring.jpa.open-in-view is enabled by default. Therefore, database queries may be performed during view rendering. Explicitly configure spring.jpa.open-in-view to disable this warning
2021-10-17 16:41:42.554  INFO 2604 --- [main] o.s.b.w.embedded.tomcat.TomcatWebServer  : Tomcat started on port(s): 8080 (http) with context path '/SpringMVC'
2021-10-17 16:41:42.565  INFO 2604 --- [main] SpringBootCoreDataJpaMvcRest1Application : Started TimesheetSpringBootCoreDataJpaMvcRest1Application in 14.494 seconds (JVM running for 16.444)
2021-10-17 16:42:59.695  INFO 2604 --- [http-nio-8080-exec-1] o.a.c.c.C.[.[localhost].[/SpringMVC]     : Initializing Spring DispatcherServlet 'dispatcherServlet'
2021-10-17 16:42:59.699  INFO 2604 --- [http-nio-8080-exec-1] o.s.web.servlet.DispatcherServlet        : Initializing Servlet 'dispatcherServlet'
2021-10-17 16:42:59.746  INFO 2604 --- [http-nio-8080-exec-1] o.s.web.servlet.DispatcherServlet        : Completed initialization in 46 ms
2021-10-17 18:28:31.225  INFO 2604 --- [RMI TCP Connection(109)-127.0.0.1] inMXBeanRegistrar$SpringApplicationAdmin : Application shutdown requested.
2021-10-17 18:28:31.404  INFO 2604 --- [RMI TCP Connection(109)-127.0.0.1] o.s.s.concurrent.ThreadPoolTaskExecutor  : Shutting down ExecutorService 'applicationTaskExecutor'
2021-10-17 18:28:31.416  INFO 2604 --- [RMI TCP Connection(109)-127.0.0.1] j.LocalContainerEntityManagerFactoryBean : Closing JPA EntityManagerFactory for persistence unit 'default'
2021-10-17 18:28:31.515  INFO 2604 --- [RMI TCP Connection(109)-127.0.0.1] com.zaxxer.hikari.HikariDataSource       : HikariPool-1 - Shutdown initiated...
2021-10-17 18:28:31.549  INFO 2604 --- [RMI TCP Connection(109)-127.0.0.1] com.zaxxer.hikari.HikariDataSource       : HikariPool-1 - Shutdown completed.
2021-10-17 22:25:25.614  INFO 9892 --- [main] SpringBootCoreDataJpaMvcRest1Application : Starting TimesheetSpringBootCoreDataJpaMvcRest1Application on DESKTOP-1MV8RQN with PID 9892 (C:\Users\ASUS\eclipse-workspace-2020\Timesheet-spring-boot-core-data-jpa-mvc-REST-1\target\classes started by ASUS in C:\Users\ASUS\eclipse-workspace-2020\Timesheet-spring-boot-core-data-jpa-mvc-REST-1)
2021-10-17 22:25:26.171  INFO 9892 --- [main] SpringBootCoreDataJpaMvcRest1Application : No active profile set, falling back to default profiles: default
2021-10-17 22:25:32.705  INFO 9892 --- [main] .s.d.r.c.RepositoryConfigurationDelegate : Bootstrapping Spring Data repositories in DEFAULT mode.
2021-10-17 22:25:33.097  INFO 9892 --- [main] .s.d.r.c.RepositoryConfigurationDelegate : Finished Spring Data repository scanning in 370ms. Found 6 repository interfaces.
2021-10-17 22:25:33.923  INFO 9892 --- [main] trationDelegate$BeanPostProcessorChecker : Bean 'org.springframework.transaction.annotation.ProxyTransactionManagementConfiguration' of type [org.springframework.transaction.annotation.ProxyTransactionManagementConfiguration$$EnhancerBySpringCGLIB$$b3d28046] is not eligible for getting processed by all BeanPostProcessors (for example: not eligible for auto-proxying)
2021-10-17 22:25:36.491  INFO 9892 --- [main] o.s.b.w.embedded.tomcat.TomcatWebServer  : Tomcat initialized with port(s): 8080 (http)
2021-10-17 22:25:36.683  INFO 9892 --- [main] o.apache.catalina.core.StandardService   : Starting service [Tomcat]
2021-10-17 22:25:36.685  INFO 9892 --- [main] org.apache.catalina.core.StandardEngine  : Starting Servlet engine: [Apache Tomcat/9.0.17]
2021-10-17 22:25:37.756  INFO 9892 --- [main] o.a.c.c.C.[.[localhost].[/SpringMVC]     : Initializing Spring embedded WebApplicationContext
2021-10-17 22:25:37.757  INFO 9892 --- [main] o.s.web.context.ContextLoader            : Root WebApplicationContext: initialization completed in 11095 ms
2021-10-17 22:25:38.675  INFO 9892 --- [main] com.zaxxer.hikari.HikariDataSource       : HikariPool-1 - Starting...
2021-10-17 22:25:39.208  INFO 9892 --- [main] com.zaxxer.hikari.HikariDataSource       : HikariPool-1 - Start completed.
2021-10-17 22:25:39.467  INFO 9892 --- [main] o.hibernate.jpa.internal.util.LogHelper  : HHH000204: Processing PersistenceUnitInfo [
	name: default
	...]
2021-10-17 22:25:39.848  INFO 9892 --- [main] org.hibernate.Version                    : HHH000412: Hibernate Core {5.3.9.Final}
2021-10-17 22:25:39.855  INFO 9892 --- [main] org.hibernate.cfg.Environment            : HHH000206: hibernate.properties not found
2021-10-17 22:25:40.650  INFO 9892 --- [main] o.hibernate.annotations.common.Version   : HCANN000001: Hibernate Commons Annotations {5.0.4.Final}
2021-10-17 22:25:40.975  INFO 9892 --- [main] org.hibernate.dialect.Dialect            : HHH000400: Using dialect: org.hibernate.dialect.MySQL5Dialect
2021-10-17 22:25:44.131  INFO 9892 --- [main] j.LocalContainerEntityManagerFactoryBean : Initialized JPA EntityManagerFactory for persistence unit 'default'
2021-10-17 22:25:44.697  INFO 9892 --- [main] o.h.h.i.QueryTranslatorFactoryInitiator  : HHH000397: Using ASTQueryTranslatorFactory
2021-10-17 22:25:45.364  INFO 9892 --- [main] o.s.s.concurrent.ThreadPoolTaskExecutor  : Initializing ExecutorService 'applicationTaskExecutor'
2021-10-17 22:25:45.423  WARN 9892 --- [main] aWebConfiguration$JpaWebMvcConfiguration : spring.jpa.open-in-view is enabled by default. Therefore, database queries may be performed during view rendering. Explicitly configure spring.jpa.open-in-view to disable this warning
2021-10-17 22:25:45.630  INFO 9892 --- [main] o.s.b.w.embedded.tomcat.TomcatWebServer  : Tomcat started on port(s): 8080 (http) with context path '/SpringMVC'
2021-10-17 22:25:45.637  INFO 9892 --- [main] SpringBootCoreDataJpaMvcRest1Application : Started TimesheetSpringBootCoreDataJpaMvcRest1Application in 21.96 seconds (JVM running for 25.385)
2021-10-17 22:28:45.268  INFO 9892 --- [RMI TCP Connection(5)-127.0.0.1] inMXBeanRegistrar$SpringApplicationAdmin : Application shutdown requested.
2021-10-17 22:28:45.276  INFO 9892 --- [RMI TCP Connection(5)-127.0.0.1] o.s.s.concurrent.ThreadPoolTaskExecutor  : Shutting down ExecutorService 'applicationTaskExecutor'
2021-10-17 22:28:45.278  INFO 9892 --- [RMI TCP Connection(5)-127.0.0.1] j.LocalContainerEntityManagerFactoryBean : Closing JPA EntityManagerFactory for persistence unit 'default'
2021-10-17 22:28:45.283  INFO 9892 --- [RMI TCP Connection(5)-127.0.0.1] com.zaxxer.hikari.HikariDataSource       : HikariPool-1 - Shutdown initiated...
2021-10-17 22:28:45.334  INFO 9892 --- [RMI TCP Connection(5)-127.0.0.1] com.zaxxer.hikari.HikariDataSource       : HikariPool-1 - Shutdown completed.
